app/build/intermediates/manifest_merge_blame_file/debug/manifest-merger-blame-debug-report.txt
1<?xml version="1.0" encoding="utf-8"?>
2<!--
3 Copyright (c) 2010-2011, The MiCode Open Source Community (www.micode.net)
4
5     Licensed under the Apache License, Version 2.0 (the "License");
6     you may not use this file except in compliance with the License.
7     You may obtain a copy of the License at
8
9          http://www.apache.org/licenses/LICENSE-2.0
10
11     Unless required by applicable law or agreed to in writing, software
12     distributed under the License is distributed on an "AS IS" BASIS,
13     WITHOUT WARRANTIES OR CONDITIONS OF ANY KIND, either express or implied.
14     See the License for the specific language governing permissions and
15     limitations under the License.
16-->
17<manifest xmlns:android="http://schemas.android.com/apk/res/android"
18    package="net.micode.notes"
19    android:versionCode="1"
20    android:versionName="0.1" >
21
22    <uses-sdk
22-->src\main\AndroidManifest.xml:24:5-44
23        android:minSdkVersion="14"
23-->src\main\AndroidManifest.xml:24:15-41
24        android:targetSdkVersion="14" />
25
26    <uses-permission android:name="android.permission.WRITE_EXTERNAL_STORAGE" />
26-->src\main\AndroidManifest.xml:26:5-81
26-->src\main\AndroidManifest.xml:26:22-78
27    <uses-permission android:name="com.android.launcher.permission.INSTALL_SHORTCUT" />
27-->src\main\AndroidManifest.xml:27:5-88
27-->src\main\AndroidManifest.xml:27:22-85
28    <uses-permission android:name="android.permission.INTERNET" />
28-->src\main\AndroidManifest.xml:28:5-67
28-->src\main\AndroidManifest.xml:28:22-64
29    <uses-permission android:name="android.permission.READ_CONTACTS" />
29-->src\main\AndroidManifest.xml:29:5-72
29-->src\main\AndroidManifest.xml:29:22-69
30    <uses-permission android:name="android.permission.MANAGE_ACCOUNTS" />
30-->src\main\AndroidManifest.xml:30:5-74
30-->src\main\AndroidManifest.xml:30:22-71
31    <uses-permission android:name="android.permission.AUTHENTICATE_ACCOUNTS" />
31-->src\main\AndroidManifest.xml:31:5-80
31-->src\main\AndroidManifest.xml:31:22-77
32    <uses-permission android:name="android.permission.GET_ACCOUNTS" />
32-->src\main\AndroidManifest.xml:32:5-71
32-->src\main\AndroidManifest.xml:32:22-68
33    <uses-permission android:name="android.permission.USE_CREDENTIALS" />
33-->src\main\AndroidManifest.xml:33:5-74
33-->src\main\AndroidManifest.xml:33:22-71
34    <uses-permission android:name="android.permission.RECEIVE_BOOT_COMPLETED" />
34-->src\main\AndroidManifest.xml:34:5-81
34-->src\main\AndroidManifest.xml:34:22-78
35    <uses-permission android:name="android.permission.READ_EXTERNAL_STORAGE" />
35-->src\main\AndroidManifest.xml:35:5-80
35-->src\main\AndroidManifest.xml:35:22-77
36
37    <application
37-->src\main\AndroidManifest.xml:37:5-159:19
38        android:appComponentFactory="android.support.v4.app.CoreComponentFactory"
38-->[com.android.support:support-compat:28.0.0] AndroidManifest.xml:22:18-91
39        android:debuggable="true"
40        android:extractNativeLibs="true"
41        android:icon="@drawable/icon_app"
41-->src\main\AndroidManifest.xml:38:9-42
42        android:label="@string/app_name"
42-->src\main\AndroidManifest.xml:39:9-41
43        android:testOnly="true" >
44        <activity
44-->src\main\AndroidManifest.xml:40:9-57:20
45            android:name="net.micode.notes.ui.NotesListActivity"
45-->src\main\AndroidManifest.xml:41:13-49
46            android:configChanges="keyboardHidden|orientation|screenSize"
46-->src\main\AndroidManifest.xml:42:13-74
47            android:label="@string/app_name"
47-->src\main\AndroidManifest.xml:43:13-45
48            android:launchMode="singleTop"
48-->src\main\AndroidManifest.xml:44:13-43
49            android:theme="@style/NoteTheme"
49-->src\main\AndroidManifest.xml:45:13-45
50            android:uiOptions="splitActionBarWhenNarrow"
50-->src\main\AndroidManifest.xml:46:13-57
51            android:windowSoftInputMode="adjustPan" >
51-->src\main\AndroidManifest.xml:47:13-52
52            <intent-filter>
52-->src\main\AndroidManifest.xml:49:13-53:29
53                <action android:name="android.intent.action.MAIN" />
53-->src\main\AndroidManifest.xml:50:17-69
53-->src\main\AndroidManifest.xml:50:25-66
54
55                <category android:name="android.intent.category.LAUNCHER" />
55-->src\main\AndroidManifest.xml:51:17-77
55-->src\main\AndroidManifest.xml:51:27-74
56
57                <action android:name="android.intent.action.SEARCH" />
57-->src\main\AndroidManifest.xml:52:17-71
57-->src\main\AndroidManifest.xml:52:25-68
58            </intent-filter>
59
60            <meta-data
60-->src\main\AndroidManifest.xml:55:13-56:53
61                android:name="android.app.searchable"
61-->src\main\AndroidManifest.xml:55:24-61
62                android:resource="@xml/searchable" />
62-->src\main\AndroidManifest.xml:56:17-51
63        </activity>
64        <activity
64-->src\main\AndroidManifest.xml:59:9-88:20
65            android:name="net.micode.notes.ui.NoteEditActivity"
65-->src\main\AndroidManifest.xml:60:13-48
66            android:configChanges="keyboardHidden|orientation|screenSize"
66-->src\main\AndroidManifest.xml:61:13-74
67            android:launchMode="singleTop"
67-->src\main\AndroidManifest.xml:62:13-43
68            android:theme="@style/NoteTheme" >
68-->src\main\AndroidManifest.xml:63:13-45
69            <intent-filter android:scheme="http" >
69-->src\main\AndroidManifest.xml:65:13-71:29
69-->src\main\AndroidManifest.xml:65:28-49
70                <action android:name="android.intent.action.VIEW" />
70-->src\main\AndroidManifest.xml:67:17-69
70-->src\main\AndroidManifest.xml:67:25-66
71
72                <category android:name="android.intent.category.DEFAULT" />
72-->src\main\AndroidManifest.xml:68:17-76
72-->src\main\AndroidManifest.xml:68:27-73
73
74                <data android:mimeType="vnd.android.cursor.item/text_note" />
74-->src\main\AndroidManifest.xml:69:17-78
74-->src\main\AndroidManifest.xml:69:23-75
75                <data android:mimeType="vnd.android.cursor.item/call_note" />
75-->src\main\AndroidManifest.xml:69:17-78
75-->src\main\AndroidManifest.xml:69:23-75
76            </intent-filter>
77            <intent-filter>
77-->src\main\AndroidManifest.xml:73:13-78:29
78                <action android:name="android.intent.action.INSERT_OR_EDIT" />
78-->src\main\AndroidManifest.xml:74:17-79
78-->src\main\AndroidManifest.xml:74:25-76
79
80                <category android:name="android.intent.category.DEFAULT" />
80-->src\main\AndroidManifest.xml:68:17-76
80-->src\main\AndroidManifest.xml:68:27-73
81
82                <data android:mimeType="vnd.android.cursor.item/text_note" />
82-->src\main\AndroidManifest.xml:69:17-78
82-->src\main\AndroidManifest.xml:69:23-75
83                <data android:mimeType="vnd.android.cursor.item/call_note" />
83-->src\main\AndroidManifest.xml:69:17-78
83-->src\main\AndroidManifest.xml:69:23-75
84            </intent-filter>
85            <intent-filter>
85-->src\main\AndroidManifest.xml:80:13-83:29
86
87                <!-- <action android:name="android.intent.action.SEARCH" /> -->
88                <category android:name="android.intent.category.DEFAULT" />
88-->src\main\AndroidManifest.xml:68:17-76
88-->src\main\AndroidManifest.xml:68:27-73
89            </intent-filter>
90
91            <meta-data
91-->src\main\AndroidManifest.xml:55:13-56:53
92                android:name="android.app.searchable"
92-->src\main\AndroidManifest.xml:55:24-61
93                android:resource="@xml/searchable" />
93-->src\main\AndroidManifest.xml:56:17-51
94        </activity>
95
96        <provider
96-->src\main\AndroidManifest.xml:90:9-93:43
97            android:name="net.micode.notes.data.NotesProvider"
97-->src\main\AndroidManifest.xml:91:13-63
98            android:authorities="micode_notes"
98-->src\main\AndroidManifest.xml:92:13-47
99            android:multiprocess="true" />
99-->src\main\AndroidManifest.xml:93:13-40
100
101        <receiver
101-->src\main\AndroidManifest.xml:95:9-107:20
102            android:name="net.micode.notes.widget.NoteWidgetProvider_2x"
102-->src\main\AndroidManifest.xml:96:13-57
103            android:label="@string/app_widget2x2" >
103-->src\main\AndroidManifest.xml:97:13-50
104            <intent-filter>
104-->src\main\AndroidManifest.xml:98:13-102:29
105                <action android:name="android.appwidget.action.APPWIDGET_UPDATE" />
105-->src\main\AndroidManifest.xml:99:17-84
105-->src\main\AndroidManifest.xml:99:25-81
106                <action android:name="android.appwidget.action.APPWIDGET_DELETED" />
106-->src\main\AndroidManifest.xml:100:17-85
106-->src\main\AndroidManifest.xml:100:25-82
107                <action android:name="android.intent.action.PRIVACY_MODE_CHANGED" />
107-->src\main\AndroidManifest.xml:101:17-85
107-->src\main\AndroidManifest.xml:101:25-82
108            </intent-filter>
109
110            <meta-data
110-->src\main\AndroidManifest.xml:104:13-106:58
111                android:name="android.appwidget.provider"
111-->src\main\AndroidManifest.xml:105:17-58
112                android:resource="@xml/widget_2x_info" />
112-->src\main\AndroidManifest.xml:106:17-55
113        </receiver>
114        <receiver
114-->src\main\AndroidManifest.xml:108:9-121:20
115            android:name="net.micode.notes.widget.NoteWidgetProvider_4x"
115-->src\main\AndroidManifest.xml:109:13-57
116            android:label="@string/app_widget4x4" >
116-->src\main\AndroidManifest.xml:110:13-50
117            <intent-filter>
117-->src\main\AndroidManifest.xml:98:13-102:29
118                <action android:name="android.appwidget.action.APPWIDGET_UPDATE" />
118-->src\main\AndroidManifest.xml:99:17-84
118-->src\main\AndroidManifest.xml:99:25-81
119                <action android:name="android.appwidget.action.APPWIDGET_DELETED" />
119-->src\main\AndroidManifest.xml:100:17-85
119-->src\main\AndroidManifest.xml:100:25-82
120                <action android:name="android.intent.action.PRIVACY_MODE_CHANGED" />
120-->src\main\AndroidManifest.xml:101:17-85
120-->src\main\AndroidManifest.xml:101:25-82
121            </intent-filter>
122
123            <meta-data
123-->src\main\AndroidManifest.xml:104:13-106:58
124                android:name="android.appwidget.provider"
124-->src\main\AndroidManifest.xml:105:17-58
125                android:resource="@xml/widget_4x_info" />
125-->src\main\AndroidManifest.xml:106:17-55
126        </receiver>
127        <receiver android:name="net.micode.notes.ui.AlarmInitReceiver" >
127-->src\main\AndroidManifest.xml:123:9-127:20
127-->src\main\AndroidManifest.xml:123:19-55
128            <intent-filter>
128-->src\main\AndroidManifest.xml:124:13-126:29
129                <action android:name="android.intent.action.BOOT_COMPLETED" />
129-->src\main\AndroidManifest.xml:125:17-79
129-->src\main\AndroidManifest.xml:125:25-76
130            </intent-filter>
131        </receiver>
132        <receiver
132-->src\main\AndroidManifest.xml:129:9-132:20
133            android:name="net.micode.notes.ui.AlarmReceiver"
133-->src\main\AndroidManifest.xml:130:13-61
134            android:process=":remote" >
134-->src\main\AndroidManifest.xml:131:13-38
135        </receiver>
136
137        <activity
137-->src\main\AndroidManifest.xml:134:9-139:20
138            android:name="net.micode.notes.ui.AlarmAlertActivity"
138-->src\main\AndroidManifest.xml:135:13-50
139            android:label="@string/app_name"
139-->src\main\AndroidManifest.xml:136:13-45
140            android:launchMode="singleInstance"
140-->src\main\AndroidManifest.xml:137:13-48
141            android:theme="@android:style/Theme.Holo.Wallpaper.NoTitleBar" >
141-->src\main\AndroidManifest.xml:138:13-75
142        </activity>
143        <activity
143-->src\main\AndroidManifest.xml:141:9-146:20
144            android:name="net.micode.notes.ui.NotesPreferenceActivity"
144-->src\main\AndroidManifest.xml:142:13-71
145            android:label="@string/preferences_title"
145-->src\main\AndroidManifest.xml:143:13-54
146            android:launchMode="singleTop"
146-->src\main\AndroidManifest.xml:144:13-43
147            android:theme="@android:style/Theme.Holo.Light" >
147-->src\main\AndroidManifest.xml:145:13-60
148        </activity>
149
150        <service
150-->src\main\AndroidManifest.xml:148:9-151:19
151            android:name="net.micode.notes.gtask.remote.GTaskSyncService"
151-->src\main\AndroidManifest.xml:149:13-74
152            android:exported="false" >
152-->src\main\AndroidManifest.xml:150:13-37
153        </service>
154
155        <meta-data
155-->src\main\AndroidManifest.xml:153:9-155:52
156            android:name="android.app.default_searchable"
156-->src\main\AndroidManifest.xml:154:13-58
157            android:value=".ui.NoteEditActivity" />
157-->src\main\AndroidManifest.xml:155:13-49
158    </application>
159
160</manifest>